<?xml version="1.0" encoding="UTF-8"?>
<!-- Generated by org.testng.reporters.JUnitReportReporter -->
<testsuite hostname="Karthik-PC" name="apptests.PageobjectTest" tests="1" failures="0" timestamp="8 Mar 2016 09:08:44 GMT" time="19.253" errors="0">
  <testcase name="searchTest" time="19.253" classname="apptests.PageobjectTest"/>
</testsuite> <!-- apptests.PageobjectTest -->
