<?xml version="1.0" encoding="UTF-8"?>
<!-- Generated by org.testng.reporters.JUnitReportReporter -->
<testsuite hostname="Karthik-PC" name="apptests.Pageobject1Test" tests="1" failures="0" timestamp="8 Mar 2016 09:08:44 GMT" time="31.315" errors="0">
  <testcase name="searchTest1" time="31.315" classname="apptests.Pageobject1Test"/>
</testsuite> <!-- apptests.Pageobject1Test -->
