<?xml version="1.0" encoding="UTF-8"?>
<!-- Generated by org.testng.reporters.JUnitReportReporter -->
<testsuite hostname="Karthik-PC" name="tests.PageobjectTest" tests="1" failures="0" timestamp="7 Mar 2016 06:10:12 GMT" time="34.823" errors="0">
  <testcase name="log" time="34.823" classname="tests.PageobjectTest"/>
</testsuite> <!-- tests.PageobjectTest -->
