<?xml version="1.0" encoding="UTF-8"?>
<!-- Generated by org.testng.reporters.JUnitReportReporter -->
<testsuite hostname="Karthik-PC" name="apptests.Pageobject1Test" tests="1" failures="0" timestamp="10 Mar 2016 02:06:06 GMT" time="17.839" errors="0">
  <testcase name="searchTest1" time="17.839" classname="apptests.Pageobject1Test"/>
</testsuite> <!-- apptests.Pageobject1Test -->
