<?xml version="1.0" encoding="UTF-8"?>
<!-- Generated by org.testng.reporters.JUnitReportReporter -->
<testsuite hostname="Karthik-PC" name="apptests.PageobjectTest" tests="1" failures="0" timestamp="10 Mar 2016 02:06:06 GMT" time="27.238" errors="0">
  <testcase name="searchTest" time="27.238" classname="apptests.PageobjectTest"/>
</testsuite> <!-- apptests.PageobjectTest -->
